2021-10-20 23:19:02,521 - INFO - root - Hello! This is Joey-NMT (version 1.3).
2021-10-20 23:19:03,182 - DEBUG - joeynmt.prediction - Process device: cuda, n_gpu: 1
2021-10-20 23:19:03,182 - INFO - joeynmt.prediction - Loading model from /net/cephfs/home/zifjia/signwriting-translation/./scripts/../models/baseline_transformer_spm/best.ckpt
2021-10-20 23:19:09,744 - INFO - joeynmt.model - Building an encoder-decoder model...
2021-10-20 23:19:10,702 - INFO - joeynmt.model - Enc-dec model built.
2021-10-20 23:33:47,384 - INFO - root - Hello! This is Joey-NMT (version 1.3).
2021-10-20 23:33:47,846 - DEBUG - joeynmt.prediction - Process device: cuda, n_gpu: 1
2021-10-20 23:33:47,846 - INFO - joeynmt.prediction - Loading model from /net/cephfs/home/zifjia/signwriting-translation/./scripts/../models/baseline_transformer_spm/best.ckpt
2021-10-20 23:33:51,815 - INFO - joeynmt.model - Building an encoder-decoder model...
2021-10-20 23:33:52,434 - INFO - joeynmt.model - Enc-dec model built.
2021-10-21 09:50:26,049 - INFO - root - Hello! This is Joey-NMT (version 1.3).
2021-10-21 09:50:26,526 - DEBUG - joeynmt.prediction - Process device: cuda, n_gpu: 1
2021-10-21 09:50:26,526 - INFO - joeynmt.prediction - Loading model from /net/cephfs/home/zifjia/signwriting-translation/./scripts/../models/baseline_transformer_spm/best.ckpt
2021-10-21 09:50:34,144 - INFO - joeynmt.model - Building an encoder-decoder model...
2021-10-21 09:50:35,018 - INFO - joeynmt.model - Enc-dec model built.
2021-10-21 09:51:31,043 - INFO - root - Hello! This is Joey-NMT (version 1.3).
2021-10-21 09:51:31,520 - DEBUG - joeynmt.prediction - Process device: cuda, n_gpu: 1
2021-10-21 09:51:31,521 - INFO - joeynmt.prediction - Loading model from /net/cephfs/home/zifjia/signwriting-translation/./scripts/../models/baseline_transformer_spm/best.ckpt
2021-10-21 09:51:36,936 - INFO - joeynmt.model - Building an encoder-decoder model...
2021-10-21 09:51:37,592 - INFO - joeynmt.model - Enc-dec model built.
2021-10-21 09:55:37,459 - INFO - root - Hello! This is Joey-NMT (version 1.3).
2021-10-21 09:55:37,926 - DEBUG - joeynmt.prediction - Process device: cuda, n_gpu: 1
2021-10-21 09:55:37,927 - INFO - joeynmt.prediction - Loading model from /net/cephfs/home/zifjia/signwriting-translation/./scripts/../models/baseline_transformer_spm/best.ckpt
2021-10-21 09:55:42,808 - INFO - joeynmt.model - Building an encoder-decoder model...
2021-10-21 09:55:43,463 - INFO - joeynmt.model - Enc-dec model built.
2021-10-21 09:59:09,739 - INFO - root - Hello! This is Joey-NMT (version 1.3).
2021-10-21 09:59:10,211 - DEBUG - joeynmt.prediction - Process device: cuda, n_gpu: 1
2021-10-21 09:59:10,211 - INFO - joeynmt.prediction - Loading model from /net/cephfs/home/zifjia/signwriting-translation/./scripts/../models/baseline_transformer_spm/best.ckpt
2021-10-21 09:59:15,995 - INFO - joeynmt.model - Building an encoder-decoder model...
2021-10-21 09:59:16,814 - INFO - joeynmt.model - Enc-dec model built.
2021-10-27 12:26:48,427 - INFO - root - Hello! This is Joey-NMT (version 1.3).
2021-10-27 12:26:48,905 - DEBUG - joeynmt.prediction - Process device: cuda, n_gpu: 1
2021-10-27 12:26:48,905 - INFO - joeynmt.prediction - Loading model from /net/cephfs/home/zifjia/signwriting-translation/./scripts/../models/baseline_transformer_spm/best.ckpt
2021-10-27 12:28:32,811 - INFO - root - Hello! This is Joey-NMT (version 1.3).
2021-10-27 12:28:33,258 - DEBUG - joeynmt.prediction - Process device: cuda, n_gpu: 1
2021-10-27 12:28:33,258 - INFO - joeynmt.prediction - Loading model from /net/cephfs/home/zifjia/signwriting-translation/./scripts/../models/baseline_transformer_spm/best.ckpt
2021-10-27 12:32:50,774 - INFO - root - Hello! This is Joey-NMT (version 1.3).
2021-10-27 12:32:51,218 - DEBUG - joeynmt.prediction - Process device: cuda, n_gpu: 1
2021-10-27 12:32:51,219 - INFO - joeynmt.prediction - Loading model from /net/cephfs/home/zifjia/signwriting-translation/./scripts/../models/baseline_transformer_spm/best.ckpt
2021-10-27 12:33:00,561 - INFO - joeynmt.model - Building an encoder-decoder model...
2021-10-27 12:33:01,442 - INFO - joeynmt.model - Enc-dec model built.
