2021-10-14 11:45:04,713 - INFO - root - Hello! This is Joey-NMT (version 1.3).
2021-10-14 11:45:05,488 - DEBUG - joeynmt.prediction - Process device: cpu, n_gpu: 0
2021-10-14 11:45:05,488 - INFO - joeynmt.prediction - Loading model from models/baseline_transformer_sign+/latest.ckpt
2021-10-14 11:54:25,710 - INFO - root - Hello! This is Joey-NMT (version 1.3).
2021-10-14 11:54:26,400 - DEBUG - joeynmt.prediction - Process device: cpu, n_gpu: 0
2021-10-14 11:54:26,400 - INFO - joeynmt.prediction - Loading model from models/baseline_transformer_sign+/latest.ckpt
2021-10-14 11:54:27,185 - INFO - joeynmt.model - Building an encoder-decoder model...
2021-10-14 11:54:27,924 - INFO - joeynmt.model - Enc-dec model built.
2021-10-14 12:22:21,539 - INFO - root - Hello! This is Joey-NMT (version 1.3).
2021-10-14 12:22:22,242 - DEBUG - joeynmt.prediction - Process device: cpu, n_gpu: 0
2021-10-14 12:22:22,243 - INFO - joeynmt.prediction - Loading model from models/baseline_transformer_sign+/latest1231231.ckpt
2021-10-14 12:22:23,084 - INFO - joeynmt.model - Building an encoder-decoder model...
2021-10-14 12:22:23,828 - INFO - joeynmt.model - Enc-dec model built.
2021-10-14 12:24:39,779 - INFO - root - Hello! This is Joey-NMT (version 1.3).
2021-10-14 12:24:40,472 - DEBUG - joeynmt.prediction - Process device: cpu, n_gpu: 0
2021-10-14 12:24:40,472 - INFO - joeynmt.prediction - Loading model from models/baseline_transformer_sign+/latest.ckpt
2021-10-14 12:24:40,924 - INFO - joeynmt.model - Building an encoder-decoder model...
2021-10-14 12:24:41,669 - INFO - joeynmt.model - Enc-dec model built.
2021-10-14 12:26:21,044 - INFO - root - Hello! This is Joey-NMT (version 1.3).
2021-10-14 12:26:21,719 - DEBUG - joeynmt.prediction - Process device: cpu, n_gpu: 0
2021-10-14 12:26:21,719 - INFO - joeynmt.prediction - Loading model from best
2021-10-14 12:26:32,201 - INFO - root - Hello! This is Joey-NMT (version 1.3).
2021-10-14 12:26:32,876 - DEBUG - joeynmt.prediction - Process device: cpu, n_gpu: 0
2021-10-14 12:26:32,876 - INFO - joeynmt.prediction - Loading model from best.ckpt
2021-10-14 12:27:32,464 - INFO - root - Hello! This is Joey-NMT (version 1.3).
2021-10-14 12:27:33,133 - DEBUG - joeynmt.prediction - Process device: cpu, n_gpu: 0
2021-10-14 12:27:33,133 - INFO - joeynmt.prediction - Loading model from ./scripts/../models/baseline_transformer_sign+/best.ckpt
2021-10-14 12:27:33,751 - INFO - joeynmt.model - Building an encoder-decoder model...
2021-10-14 12:27:34,471 - INFO - joeynmt.model - Enc-dec model built.
