2021-10-20 23:19:02,523 - INFO - root - Hello! This is Joey-NMT (version 1.3).
2021-10-20 23:19:04,659 - DEBUG - joeynmt.prediction - Process device: cuda, n_gpu: 1
2021-10-20 23:19:04,659 - INFO - joeynmt.prediction - Loading model from /net/cephfs/home/zifjia/signwriting-translation/./scripts/../models/baseline_transformer_full/best.ckpt
2021-10-20 23:19:10,151 - INFO - joeynmt.model - Building an encoder-decoder model...
2021-10-20 23:19:11,268 - INFO - joeynmt.model - Enc-dec model built.
2021-10-21 09:51:01,506 - INFO - root - Hello! This is Joey-NMT (version 1.3).
2021-10-21 09:51:03,264 - DEBUG - joeynmt.prediction - Process device: cuda, n_gpu: 1
2021-10-21 09:51:03,264 - INFO - joeynmt.prediction - Loading model from /net/cephfs/home/zifjia/signwriting-translation/./scripts/../models/baseline_transformer_full/best.ckpt
2021-10-21 09:51:10,239 - INFO - joeynmt.model - Building an encoder-decoder model...
2021-10-21 09:51:11,234 - INFO - joeynmt.model - Enc-dec model built.
2021-10-21 09:55:10,234 - INFO - root - Hello! This is Joey-NMT (version 1.3).
2021-10-21 09:55:11,965 - DEBUG - joeynmt.prediction - Process device: cuda, n_gpu: 1
2021-10-21 09:55:11,965 - INFO - joeynmt.prediction - Loading model from /net/cephfs/home/zifjia/signwriting-translation/./scripts/../models/baseline_transformer_full/best.ckpt
2021-10-21 09:55:17,981 - INFO - joeynmt.model - Building an encoder-decoder model...
2021-10-21 09:55:18,958 - INFO - joeynmt.model - Enc-dec model built.
2021-10-21 09:56:36,249 - INFO - root - Hello! This is Joey-NMT (version 1.3).
2021-10-21 09:56:38,012 - DEBUG - joeynmt.prediction - Process device: cuda, n_gpu: 1
2021-10-21 09:56:38,012 - INFO - joeynmt.prediction - Loading model from /net/cephfs/home/zifjia/signwriting-translation/./scripts/../models/baseline_transformer_full/best.ckpt
2021-10-21 09:56:44,032 - INFO - joeynmt.model - Building an encoder-decoder model...
2021-10-21 09:56:45,002 - INFO - joeynmt.model - Enc-dec model built.
