2021-11-29 12:10:34,497 - INFO - root - Hello! This is Joey-NMT (version 1.3).
2021-11-29 12:10:36,230 - DEBUG - joeynmt.prediction - Process device: cuda, n_gpu: 1
2021-11-29 12:10:36,230 - INFO - joeynmt.prediction - Loading model from /net/cephfs/home/zifjia/signwriting-translation/./scripts/../models/baseline_multilingual_plus/best.ckpt
2021-11-29 12:10:42,168 - INFO - joeynmt.model - Building an encoder-decoder model...
2021-11-29 12:10:43,103 - INFO - joeynmt.model - Enc-dec model built.
2022-02-02 21:02:38,539 - INFO - root - Hello! This is Joey-NMT (version 1.3).
2022-02-02 21:02:40,265 - DEBUG - joeynmt.prediction - Process device: cpu, n_gpu: 0
2022-02-02 21:02:40,266 - INFO - joeynmt.prediction - Loading model from ./models/baseline_multilingual_plus/best.ckpt
2022-02-02 21:02:43,062 - INFO - joeynmt.model - Building an encoder-decoder model...
2022-02-02 21:02:43,871 - INFO - joeynmt.model - Enc-dec model built.
2022-02-02 21:03:50,974 - INFO - root - Hello! This is Joey-NMT (version 1.3).
2022-02-02 21:03:52,881 - DEBUG - joeynmt.prediction - Process device: cpu, n_gpu: 0
2022-02-02 21:03:52,881 - INFO - joeynmt.prediction - Loading model from ./models/baseline_multilingual_plus/best.ckpt
2022-02-02 21:03:53,537 - INFO - joeynmt.model - Building an encoder-decoder model...
2022-02-02 21:03:54,348 - INFO - joeynmt.model - Enc-dec model built.
2022-02-02 21:14:00,054 - INFO - root - Hello! This is Joey-NMT (version 1.3).
2022-02-02 21:14:02,030 - DEBUG - joeynmt.prediction - Process device: cpu, n_gpu: 0
2022-02-02 21:14:02,031 - INFO - joeynmt.prediction - Loading model from ./models/baseline_multilingual_plus/best.ckpt
2022-02-02 21:14:02,394 - INFO - joeynmt.model - Building an encoder-decoder model...
2022-02-02 21:14:03,058 - INFO - joeynmt.model - Enc-dec model built.
2022-02-02 21:14:31,345 - INFO - root - Hello! This is Joey-NMT (version 1.3).
2022-02-02 21:14:33,113 - DEBUG - joeynmt.prediction - Process device: cpu, n_gpu: 0
2022-02-02 21:14:33,114 - INFO - joeynmt.prediction - Loading model from ./models/baseline_multilingual_plus/best.ckpt
2022-02-02 21:14:33,492 - INFO - joeynmt.model - Building an encoder-decoder model...
2022-02-02 21:14:34,152 - INFO - joeynmt.model - Enc-dec model built.
2022-02-02 21:27:41,403 - INFO - root - Hello! This is Joey-NMT (version 1.3).
2022-02-02 21:27:43,331 - DEBUG - joeynmt.prediction - Process device: cpu, n_gpu: 0
2022-02-02 21:27:43,331 - INFO - joeynmt.prediction - Loading model from ./models/baseline_multilingual_plus/best.ckpt
2022-02-02 21:27:44,042 - INFO - joeynmt.model - Building an encoder-decoder model...
2022-02-02 21:27:44,735 - INFO - joeynmt.model - Enc-dec model built.
2022-02-02 21:28:19,610 - INFO - root - Hello! This is Joey-NMT (version 1.3).
2022-02-02 21:28:21,455 - DEBUG - joeynmt.prediction - Process device: cpu, n_gpu: 0
2022-02-02 21:28:21,455 - INFO - joeynmt.prediction - Loading model from ./models/baseline_multilingual_plus/best.ckpt
2022-02-02 21:28:21,836 - INFO - joeynmt.model - Building an encoder-decoder model...
2022-02-02 21:28:22,555 - INFO - joeynmt.model - Enc-dec model built.
2022-02-02 21:32:00,180 - INFO - root - Hello! This is Joey-NMT (version 1.3).
2022-02-02 21:32:01,983 - DEBUG - joeynmt.prediction - Process device: cpu, n_gpu: 0
2022-02-02 21:32:01,983 - INFO - joeynmt.prediction - Loading model from ./models/baseline_multilingual_plus/best.ckpt
2022-02-02 21:32:02,520 - INFO - joeynmt.model - Building an encoder-decoder model...
2022-02-02 21:32:03,350 - INFO - joeynmt.model - Enc-dec model built.
2022-02-02 21:32:48,235 - INFO - root - Hello! This is Joey-NMT (version 1.3).
2022-02-02 21:32:49,953 - DEBUG - joeynmt.prediction - Process device: cpu, n_gpu: 0
2022-02-02 21:32:49,953 - INFO - joeynmt.prediction - Loading model from ./models/baseline_multilingual_plus/best.ckpt
2022-02-02 21:32:50,334 - INFO - joeynmt.model - Building an encoder-decoder model...
2022-02-02 21:32:51,075 - INFO - joeynmt.model - Enc-dec model built.
2022-02-02 21:38:03,244 - INFO - root - Hello! This is Joey-NMT (version 1.3).
2022-02-02 21:38:04,960 - DEBUG - joeynmt.prediction - Process device: cpu, n_gpu: 0
2022-02-02 21:38:04,960 - INFO - joeynmt.prediction - Loading model from ./models/baseline_multilingual_plus/best.ckpt
2022-02-02 21:38:05,944 - INFO - joeynmt.model - Building an encoder-decoder model...
2022-02-02 21:38:06,641 - INFO - joeynmt.model - Enc-dec model built.
2022-02-02 21:39:12,579 - INFO - root - Hello! This is Joey-NMT (version 1.3).
2022-02-02 21:39:14,442 - DEBUG - joeynmt.prediction - Process device: cpu, n_gpu: 0
2022-02-02 21:39:14,442 - INFO - joeynmt.prediction - Loading model from ./models/baseline_multilingual_plus/best.ckpt
2022-02-02 21:39:14,811 - INFO - joeynmt.model - Building an encoder-decoder model...
2022-02-02 21:39:15,483 - INFO - joeynmt.model - Enc-dec model built.
2022-02-02 21:40:00,590 - INFO - root - Hello! This is Joey-NMT (version 1.3).
2022-02-02 21:40:02,287 - DEBUG - joeynmt.prediction - Process device: cpu, n_gpu: 0
2022-02-02 21:40:02,287 - INFO - joeynmt.prediction - Loading model from ./models/baseline_multilingual_plus/best.ckpt
2022-02-02 21:40:02,652 - INFO - joeynmt.model - Building an encoder-decoder model...
2022-02-02 21:40:03,313 - INFO - joeynmt.model - Enc-dec model built.
2022-02-02 21:40:29,561 - INFO - root - Hello! This is Joey-NMT (version 1.3).
2022-02-02 21:40:31,226 - DEBUG - joeynmt.prediction - Process device: cpu, n_gpu: 0
2022-02-02 21:40:31,226 - INFO - joeynmt.prediction - Loading model from ./models/baseline_multilingual_plus/best.ckpt
2022-02-02 21:40:31,586 - INFO - joeynmt.model - Building an encoder-decoder model...
2022-02-02 21:40:32,273 - INFO - joeynmt.model - Enc-dec model built.
2022-02-02 21:43:05,310 - INFO - root - Hello! This is Joey-NMT (version 1.3).
2022-02-02 21:43:06,975 - DEBUG - joeynmt.prediction - Process device: cpu, n_gpu: 0
2022-02-02 21:43:06,975 - INFO - joeynmt.prediction - Loading model from ./models/baseline_multilingual_plus/best.ckpt
2022-02-02 21:43:07,421 - INFO - joeynmt.model - Building an encoder-decoder model...
2022-02-02 21:43:08,128 - INFO - joeynmt.model - Enc-dec model built.
2022-02-02 21:48:23,759 - INFO - root - Hello! This is Joey-NMT (version 1.3).
2022-02-02 21:48:25,438 - DEBUG - joeynmt.prediction - Process device: cpu, n_gpu: 0
2022-02-02 21:48:25,438 - INFO - joeynmt.prediction - Loading model from ./models/baseline_multilingual_plus/best.ckpt
2022-02-02 21:48:25,885 - INFO - joeynmt.model - Building an encoder-decoder model...
2022-02-02 21:48:26,685 - INFO - joeynmt.model - Enc-dec model built.
2022-02-03 13:07:02,445 - INFO - root - Hello! This is Joey-NMT (version 1.3).
2022-02-03 13:07:04,502 - DEBUG - joeynmt.prediction - Process device: cpu, n_gpu: 0
2022-02-03 13:07:04,502 - INFO - joeynmt.prediction - Loading model from ./models/baseline_multilingual_plus/best.ckpt
2022-02-03 13:07:05,069 - INFO - joeynmt.model - Building an encoder-decoder model...
2022-02-03 13:07:05,914 - INFO - joeynmt.model - Enc-dec model built.
2022-02-03 13:09:09,648 - INFO - root - Hello! This is Joey-NMT (version 1.3).
2022-02-03 13:09:11,751 - DEBUG - joeynmt.prediction - Process device: cpu, n_gpu: 0
2022-02-03 13:09:11,751 - INFO - joeynmt.prediction - Loading model from ./models/baseline_multilingual_plus/best.ckpt
2022-02-03 13:09:12,152 - INFO - joeynmt.model - Building an encoder-decoder model...
2022-02-03 13:09:12,980 - INFO - joeynmt.model - Enc-dec model built.
