2021-10-12 20:08:44,076 - INFO - root - Hello! This is Joey-NMT (version 1.3).
2021-10-12 20:08:44,190 - DEBUG - joeynmt.prediction - Process device: cpu, n_gpu: 0
2021-10-12 20:08:44,191 - INFO - joeynmt.prediction - Loading model from models/model_baseline_gru/30.ckpt
2021-10-12 20:08:44,279 - INFO - joeynmt.model - Building an encoder-decoder model...
2021-10-12 20:08:44,370 - INFO - joeynmt.model - Enc-dec model built.
2021-10-12 20:19:54,880 - INFO - root - Hello! This is Joey-NMT (version 1.3).
2021-10-12 20:19:54,990 - DEBUG - joeynmt.prediction - Process device: cpu, n_gpu: 0
2021-10-12 20:19:54,990 - INFO - joeynmt.prediction - Loading model from models/model_baseline_gru/30.ckpt
2021-10-12 20:19:55,148 - INFO - joeynmt.model - Building an encoder-decoder model...
2021-10-12 20:19:55,247 - INFO - joeynmt.model - Enc-dec model built.
2021-10-12 20:23:03,580 - INFO - root - Hello! This is Joey-NMT (version 1.3).
2021-10-12 20:23:03,697 - DEBUG - joeynmt.prediction - Process device: cpu, n_gpu: 0
2021-10-12 20:23:03,697 - INFO - joeynmt.prediction - Loading model from models/model_baseline_gru/30.ckpt
2021-10-12 20:23:03,870 - INFO - joeynmt.model - Building an encoder-decoder model...
2021-10-12 20:23:03,966 - INFO - joeynmt.model - Enc-dec model built.
2021-10-12 20:25:37,895 - INFO - root - Hello! This is Joey-NMT (version 1.3).
2021-10-12 20:25:38,000 - DEBUG - joeynmt.prediction - Process device: cpu, n_gpu: 0
2021-10-12 20:25:38,000 - INFO - joeynmt.prediction - Loading model from models/model_baseline_gru/30.ckpt
2021-10-12 20:25:38,052 - INFO - joeynmt.model - Building an encoder-decoder model...
2021-10-12 20:25:38,142 - INFO - joeynmt.model - Enc-dec model built.
